-------------------------------------------------------------------------------
Test set: com.alex3d.biblioteca.BibliotecaApplicationTests
-------------------------------------------------------------------------------
Tests run: 1, Failures: 0, Errors: 1, Skipped: 0, Time elapsed: 0.895 s <<< FAILURE! - in com.alex3d.biblioteca.BibliotecaApplicationTests
contextLoads  Time elapsed: 0.001 s  <<< ERROR!
java.lang.IllegalStateException: Failed to load ApplicationContext
Caused by: org.springframework.beans.factory.UnsatisfiedDependencyException: Error creating bean with name 'bibliotecaController': Unsatisfied dependency expressed through field 'bibliotecaServise'; nested exception is org.springframework.beans.factory.BeanCreationException: Error creating bean with name 'bibliotecaService': Unexpected exception during bean creation; nested exception is java.lang.NullPointerException
Caused by: org.springframework.beans.factory.BeanCreationException: Error creating bean with name 'bibliotecaService': Unexpected exception during bean creation; nested exception is java.lang.NullPointerException
Caused by: java.lang.NullPointerException

